# JRE version: Java(TM) SE Runtime Environment (18.0.2+9) (build 18.0.2+9-61)
# Java VM: Java HotSpot(TM) 64-Bit Server VM (18.0.2+9-61, mixed mode, sharing, tiered, compressed oops, compressed class ptrs, g1 gc, windows-amd64)
GC Precious Log:
 CardTable entry size: 512
 Card Set container configuration: InlinePtr #cards 4 size 8 Array Of Cards #cards 16 size 48 Howl #buckets 8 coarsen threshold 3686 Howl Bitmap #cards 512 size 80 coarsen threshold 460 Card regions per heap region 1 cards per card region 4096
 CPUs: 8 total, 8 available
 Memory: 16256M
 Large Page Support: Disabled
 NUMA Support: Disabled
 Compressed Oops: Enabled (Zero based)
 Heap Region Size: 2M
 Heap Min Capacity: 8M
 Heap Initial Capacity: 256M
 Heap Max Capacity: 4066M
 Pre-touch: Disabled
 Parallel Workers: 8
 Concurrent Workers: 2
 Concurrent Refinement Workers: 8
 Periodic GC: Disabled
Heap:
 garbage-first heap   total 159744K, used 85457K [0x0000000701e00000, 0x0000000800000000)
  region size 2048K, 34 young (69632K), 2 survivors (4096K)
 Metaspace       used 53540K, committed 54016K, reserved 1114112K
  class space    used 7099K, committed 7296K, reserved 1048576K
GC Heap History (20 events):
Event: 2.007 GC heap before
{Heap before GC invocations=0 (full 0):
 garbage-first heap   total 262144K, used 22528K [0x0000000701e00000, 0x0000000800000000)
  region size 2048K, 11 young (22528K), 0 survivors (0K)
 Metaspace       used 4744K, committed 4928K, reserved 1114112K
  class space    used 563K, committed 640K, reserved 1048576K
}
Event: 2.013 GC heap after
{Heap after GC invocations=1 (full 0):
 garbage-first heap   total 262144K, used 7304K [0x0000000701e00000, 0x0000000800000000)
  region size 2048K, 2 young (4096K), 2 survivors (4096K)
 Metaspace       used 4744K, committed 4928K, reserved 1114112K
  class space    used 563K, committed 640K, reserved 1048576K
}
Event: 3.234 GC heap before
{Heap before GC invocations=1 (full 0):
 garbage-first heap   total 262144K, used 31880K [0x0000000701e00000, 0x0000000800000000)
  region size 2048K, 14 young (28672K), 2 survivors (4096K)
 Metaspace       used 11385K, committed 11584K, reserved 1114112K
  class space    used 1407K, committed 1472K, reserved 1048576K
}
Event: 3.251 GC heap after
{Heap after GC invocations=2 (full 0):
 garbage-first heap   total 262144K, used 9569K [0x0000000701e00000, 0x0000000800000000)
  region size 2048K, 1 young (2048K), 1 survivors (2048K)
 Metaspace       used 11385K, committed 11584K, reserved 1114112K
  class space    used 1407K, committed 1472K, reserved 1048576K
}
Event: 5.766 GC heap before
{Heap before GC invocations=2 (full 0):
 garbage-first heap   total 262144K, used 58721K [0x0000000701e00000, 0x0000000800000000)
  region size 2048K, 27 young (55296K), 1 survivors (2048K)
 Metaspace       used 21267K, committed 21504K, reserved 1114112K
  class space    used 2615K, committed 2752K, reserved 1048576K
}
Event: 5.771 GC heap after
{Heap after GC invocations=3 (full 0):
 garbage-first heap   total 262144K, used 12329K [0x0000000701e00000, 0x0000000800000000)
  region size 2048K, 3 young (6144K), 3 survivors (6144K)
 Metaspace       used 21267K, committed 21504K, reserved 1114112K
  class space    used 2615K, committed 2752K, reserved 1048576K
}
Event: 7.840 GC heap before
{Heap before GC invocations=4 (full 0):
 garbage-first heap   total 55296K, used 38953K [0x0000000701e00000, 0x0000000800000000)
  region size 2048K, 16 young (32768K), 3 survivors (6144K)
 Metaspace       used 24999K, committed 25344K, reserved 1114112K
  class space    used 3170K, committed 3328K, reserved 1048576K
}
Event: 7.849 GC heap after
{Heap after GC invocations=5 (full 0):
 garbage-first heap   total 55296K, used 14856K [0x0000000701e00000, 0x0000000800000000)
  region size 2048K, 2 young (4096K), 2 survivors (4096K)
 Metaspace       used 24999K, committed 25344K, reserved 1114112K
  class space    used 3170K, committed 3328K, reserved 1048576K
}
Event: 7.865 GC heap before
{Heap before GC invocations=5 (full 0):
 garbage-first heap   total 55296K, used 16904K [0x0000000701e00000, 0x0000000800000000)
  region size 2048K, 3 young (6144K), 2 survivors (4096K)
 Metaspace       used 25016K, committed 25344K, reserved 1114112K
  class space    used 3170K, committed 3328K, reserved 1048576K
}
Event: 7.870 GC heap after
{Heap after GC invocations=6 (full 0):
 garbage-first heap   total 55296K, used 15346K [0x0000000701e00000, 0x0000000800000000)
  region size 2048K, 1 young (2048K), 1 survivors (2048K)
 Metaspace       used 25016K, committed 25344K, reserved 1114112K
  class space    used 3170K, committed 3328K, reserved 1048576K
}
Event: 8.421 GC heap before
{Heap before GC invocations=6 (full 0):
 garbage-first heap   total 55296K, used 31730K [0x0000000701e00000, 0x0000000800000000)
  region size 2048K, 10 young (20480K), 1 survivors (2048K)
 Metaspace       used 29086K, committed 29376K, reserved 1114112K
  class space    used 3754K, committed 3904K, reserved 1048576K
}
Event: 8.425 GC heap after
{Heap after GC invocations=7 (full 0):
 garbage-first heap   total 55296K, used 16042K [0x0000000701e00000, 0x0000000800000000)
  region size 2048K, 1 young (2048K), 1 survivors (2048K)
 Metaspace       used 29086K, committed 29376K, reserved 1114112K
  class space    used 3754K, committed 3904K, reserved 1048576K
}
Event: 9.212 GC heap before
{Heap before GC invocations=7 (full 0):
 garbage-first heap   total 55296K, used 28330K [0x0000000701e00000, 0x0000000800000000)
  region size 2048K, 8 young (16384K), 1 survivors (2048K)
 Metaspace       used 35638K, committed 35968K, reserved 1114112K
  class space    used 4656K, committed 4864K, reserved 1048576K
}
Event: 9.220 GC heap after
{Heap after GC invocations=8 (full 0):
 garbage-first heap   total 55296K, used 17668K [0x0000000701e00000, 0x0000000800000000)
  region size 2048K, 2 young (4096K), 2 survivors (4096K)
 Metaspace       used 35638K, committed 35968K, reserved 1114112K
  class space    used 4656K, committed 4864K, reserved 1048576K
}
Event: 11.936 GC heap before
{Heap before GC invocations=9 (full 0):
 garbage-first heap   total 55296K, used 34052K [0x0000000701e00000, 0x0000000800000000)
  region size 2048K, 11 young (22528K), 2 survivors (4096K)
 Metaspace       used 41812K, committed 42112K, reserved 1114112K
  class space    used 5414K, committed 5568K, reserved 1048576K
}
Event: 11.946 GC heap after
{Heap after GC invocations=10 (full 0):
 garbage-first heap   total 55296K, used 18954K [0x0000000701e00000, 0x0000000800000000)
  region size 2048K, 2 young (4096K), 2 survivors (4096K)
 Metaspace       used 41812K, committed 42112K, reserved 1114112K
  class space    used 5414K, committed 5568K, reserved 1048576K
}
Event: 13.907 GC heap before
{Heap before GC invocations=10 (full 0):
 garbage-first heap   total 55296K, used 39434K [0x0000000701e00000, 0x0000000800000000)
  region size 2048K, 12 young (24576K), 2 survivors (4096K)
 Metaspace       used 45734K, committed 46144K, reserved 1114112K
  class space    used 6038K, committed 6272K, reserved 1048576K
}
Event: 13.938 GC heap after
{Heap after GC invocations=11 (full 0):
 garbage-first heap   total 55296K, used 20221K [0x0000000701e00000, 0x0000000800000000)
  region size 2048K, 2 young (4096K), 2 survivors (4096K)
 Metaspace       used 45734K, committed 46144K, reserved 1114112K
  class space    used 6038K, committed 6272K, reserved 1048576K
}
Event: 14.930 GC heap before
{Heap before GC invocations=11 (full 0):
 garbage-first heap   total 55296K, used 38653K [0x0000000701e00000, 0x0000000800000000)
  region size 2048K, 11 young (22528K), 2 survivors (4096K)
 Metaspace       used 48313K, committed 48704K, reserved 1114112K
  class space    used 6337K, committed 6528K, reserved 1048576K
}
Event: 14.943 GC heap after
{Heap after GC invocations=12 (full 0):
 garbage-first heap   total 159744K, used 21969K [0x0000000701e00000, 0x0000000800000000)
  region size 2048K, 2 young (4096K), 2 survivors (4096K)
 Metaspace       used 48313K, committed 48704K, reserved 1114112K
  class space    used 6337K, committed 6528K, reserved 1048576K
}

